0 info it worked if it ends with ok
1 verbose cli [ 'c:\\Program Files\\nodejs\\node.exe',
1 verbose cli   'c:\\Program Files\\nodejs\\node_modules\\npm\\bin\\npm-cli.js',
1 verbose cli   'install',
1 verbose cli   '-g',
1 verbose cli   'avoscloud-code' ]
2 info using npm@1.4.28
3 info using node@v0.10.36
4 verbose cache add [ 'avoscloud-code', null ]
5 verbose cache add name=undefined spec="avoscloud-code" args=["avoscloud-code",null]
6 verbose parsed url { protocol: null,
6 verbose parsed url   slashes: null,
6 verbose parsed url   auth: null,
6 verbose parsed url   host: null,
6 verbose parsed url   port: null,
6 verbose parsed url   hostname: null,
6 verbose parsed url   hash: null,
6 verbose parsed url   search: null,
6 verbose parsed url   query: null,
6 verbose parsed url   pathname: 'avoscloud-code',
6 verbose parsed url   path: 'avoscloud-code',
6 verbose parsed url   href: 'avoscloud-code' }
7 silly lockFile b88c4b77-avoscloud-code avoscloud-code
8 verbose lock avoscloud-code C:\Users\Meng\AppData\Roaming\npm-cache\b88c4b77-avoscloud-code.lock
9 silly lockFile b88c4b77-avoscloud-code avoscloud-code
10 silly lockFile b88c4b77-avoscloud-code avoscloud-code
11 verbose addNamed [ 'avoscloud-code', '' ]
12 verbose addNamed [ null, '*' ]
13 silly lockFile fea35884-avoscloud-code avoscloud-code@
14 verbose lock avoscloud-code@ C:\Users\Meng\AppData\Roaming\npm-cache\fea35884-avoscloud-code.lock
15 silly addNameRange { name: 'avoscloud-code', range: '*', hasData: false }
16 verbose request where is /avoscloud-code
17 verbose request registry https://registry.npmjs.org/
18 verbose request id 8cd9fda9818ccb31
19 verbose url raw /avoscloud-code
20 verbose url resolving [ 'https://registry.npmjs.org/', './avoscloud-code' ]
21 verbose url resolved https://registry.npmjs.org/avoscloud-code
22 verbose request where is https://registry.npmjs.org/avoscloud-code
23 info trying registry request attempt 1 at 17:46:56
24 http GET https://registry.npmjs.org/avoscloud-code
25 http 200 https://registry.npmjs.org/avoscloud-code
26 silly registry.get cb [ 200,
26 silly registry.get   { date: 'Mon, 02 Feb 2015 09:47:08 GMT',
26 silly registry.get     server: 'CouchDB/1.6.1 (Erlang OTP/R14B04)',
26 silly registry.get     etag: '"6LU8C9OMAOA10XXQBMX2WB42Q"',
26 silly registry.get     'content-type': 'application/json',
26 silly registry.get     'cache-control': 'max-age=60',
26 silly registry.get     'content-length': '62570',
26 silly registry.get     'accept-ranges': 'bytes',
26 silly registry.get     via: '1.1 varnish',
26 silly registry.get     age: '0',
26 silly registry.get     'x-served-by': 'cache-ty67-TYO',
26 silly registry.get     'x-cache': 'MISS',
26 silly registry.get     'x-cache-hits': '0',
26 silly registry.get     'x-timer': 'S1422870428.032520,VS0,VE556',
26 silly registry.get     vary: 'Accept',
26 silly registry.get     'keep-alive': 'timeout=10, max=50',
26 silly registry.get     connection: 'Keep-Alive' } ]
27 silly addNameRange number 2 { name: 'avoscloud-code', range: '*', hasData: true }
28 silly addNameRange versions [ 'avoscloud-code',
28 silly addNameRange   [ '0.3.0-beta',
28 silly addNameRange     '0.3.0-beta2',
28 silly addNameRange     '0.3.0-beta3',
28 silly addNameRange     '0.3.0-rc1',
28 silly addNameRange     '0.3.1',
28 silly addNameRange     '0.3.2',
28 silly addNameRange     '0.3.3-beta',
28 silly addNameRange     '0.3.3',
28 silly addNameRange     '0.3.4',
28 silly addNameRange     '0.3.5',
28 silly addNameRange     '0.3.6',
28 silly addNameRange     '0.3.7',
28 silly addNameRange     '0.3.8',
28 silly addNameRange     '0.3.9',
28 silly addNameRange     '0.4.0',
28 silly addNameRange     '0.4.1',
28 silly addNameRange     '0.4.2',
28 silly addNameRange     '0.4.4',
28 silly addNameRange     '0.4.5',
28 silly addNameRange     '0.4.6',
28 silly addNameRange     '0.4.7',
28 silly addNameRange     '0.4.8-beta',
28 silly addNameRange     '0.4.9-beta',
28 silly addNameRange     '0.4.9-RC1',
28 silly addNameRange     '0.4.9-RC2',
28 silly addNameRange     '0.4.9-RC3',
28 silly addNameRange     '0.4.9',
28 silly addNameRange     '0.5.0',
28 silly addNameRange     '0.5.1',
28 silly addNameRange     '0.5.2',
28 silly addNameRange     '0.6.0',
28 silly addNameRange     '0.6.1',
28 silly addNameRange     '0.6.2',
28 silly addNameRange     '0.6.3' ] ]
29 verbose addNamed [ 'avoscloud-code', '0.6.3' ]
30 verbose addNamed [ '0.6.3', '0.6.3' ]
31 silly lockFile 0566cac5-avoscloud-code-0-6-3 avoscloud-code@0.6.3
32 verbose lock avoscloud-code@0.6.3 C:\Users\Meng\AppData\Roaming\npm-cache\0566cac5-avoscloud-code-0-6-3.lock
33 silly lockFile 44e53f43-ud-code-avoscloud-code-0-6-3-tgz https://registry.npmjs.org/avoscloud-code/-/avoscloud-code-0.6.3.tgz
34 verbose lock https://registry.npmjs.org/avoscloud-code/-/avoscloud-code-0.6.3.tgz C:\Users\Meng\AppData\Roaming\npm-cache\44e53f43-ud-code-avoscloud-code-0-6-3-tgz.lock
35 verbose addRemoteTarball [ 'https://registry.npmjs.org/avoscloud-code/-/avoscloud-code-0.6.3.tgz',
35 verbose addRemoteTarball   'a8364735ca56fdd7b1b9bd27f9b44cbe34e2ae9c' ]
36 info retry fetch attempt 1 at 17:47:09
37 verbose fetch to= C:\Users\Meng\AppData\Local\Temp\npm-3384-CDGWF5fp\registry.npmjs.org\avoscloud-code\-\avoscloud-code-0.6.3.tgz
38 http GET https://registry.npmjs.org/avoscloud-code/-/avoscloud-code-0.6.3.tgz
39 http 200 https://registry.npmjs.org/avoscloud-code/-/avoscloud-code-0.6.3.tgz
40 silly lockFile 44e53f43-ud-code-avoscloud-code-0-6-3-tgz https://registry.npmjs.org/avoscloud-code/-/avoscloud-code-0.6.3.tgz
41 silly lockFile 44e53f43-ud-code-avoscloud-code-0-6-3-tgz https://registry.npmjs.org/avoscloud-code/-/avoscloud-code-0.6.3.tgz
42 silly lockFile 0566cac5-avoscloud-code-0-6-3 avoscloud-code@0.6.3
43 silly lockFile 0566cac5-avoscloud-code-0-6-3 avoscloud-code@0.6.3
44 silly lockFile fea35884-avoscloud-code avoscloud-code@
45 silly lockFile fea35884-avoscloud-code avoscloud-code@
46 error Error: shasum check failed for C:\Users\Meng\AppData\Local\Temp\npm-3384-CDGWF5fp\registry.npmjs.org\avoscloud-code\-\avoscloud-code-0.6.3.tgz
46 error Expected: a8364735ca56fdd7b1b9bd27f9b44cbe34e2ae9c
46 error Actual:   4012a5ac5b90995254d36def8de924f0afc3d880
46 error From:     https://registry.npmjs.org/avoscloud-code/-/avoscloud-code-0.6.3.tgz
46 error     at c:\Program Files\nodejs\node_modules\npm\node_modules\sha\index.js:38:8
46 error     at ReadStream.<anonymous> (c:\Program Files\nodejs\node_modules\npm\node_modules\sha\index.js:85:7)
46 error     at ReadStream.emit (events.js:117:20)
46 error     at _stream_readable.js:944:16
46 error     at process._tickCallback (node.js:442:13)
47 error If you need help, you may report this *entire* log,
47 error including the npm and node versions, at:
47 error     <http://github.com/npm/npm/issues>
48 error System Windows_NT 6.2.9200
49 error command "c:\\Program Files\\nodejs\\node.exe" "c:\\Program Files\\nodejs\\node_modules\\npm\\bin\\npm-cli.js" "install" "-g" "avoscloud-code"
50 error cwd c:\opensource\EatTogether
51 error node -v v0.10.36
52 error npm -v 1.4.28
53 verbose exit [ 1, true ]
